\BOOKMARK [0][-]{chapter.1}{\376\377\000\332\000v\000o\000d}{}% 1
\BOOKMARK [0][-]{chapter.2}{\376\377\000\332\000v\000o\000d\000\040\000d\000o\000\040\000p\000r\000o\000g\000r\000a\000m\000o\000v\000\341\000n\000\355\000\040\000a\000\040\000a\000l\000g\000o\000r\000i\000t\000m\000i\000z\000a\000c\000e}{}% 2
\BOOKMARK [1][-]{section.2.1}{\376\377\000P\000r\000o\000g\000r\000a\000m\000o\000v\000\341\000n\000\355\000\040\000a\000\040\000a\000l\000g\000o\000r\000i\000t\000m\000i\000z\000a\000c\000e}{chapter.2}% 3
\BOOKMARK [2][-]{subsection.2.1.1}{\376\377\000A\000s\000y\000m\000p\000t\000o\000t\000i\000c\000k\000\341\000\040\000s\000l\000o\001\176\000i\000t\000o\000s\000t\000\040\000a\000l\000g\000o\000r\000i\000t\000m\001\157}{section.2.1}% 4
\BOOKMARK [1][-]{section.2.2}{\376\377\000D\000a\000t\000o\000v\000\351\000\040\000t\000y\000p\000y}{chapter.2}% 5
\BOOKMARK [1][-]{section.2.3}{\376\377\000P\000r\000o\000g\000r\000a\000m\000o\000v\000a\000c\000\355\000\040\000p\000a\000r\000a\000d\000i\000g\000m\000a}{chapter.2}% 6
\BOOKMARK [1][-]{section.2.4}{\376\377\000S\000t\000r\000u\000k\000t\000u\000r\000o\000v\000a\000n\000\351\000\040\000p\000r\000o\000g\000r\000a\000m\000o\000v\000\341\000n\000\355}{chapter.2}% 7
\BOOKMARK [1][-]{section.2.5}{\376\377\000D\000a\000t\000o\000v\000\351\000\040\000s\000t\000r\000u\000k\000t\000u\000r\000y}{chapter.2}% 8
\BOOKMARK [1][-]{section.2.6}{\376\377\000V\000\375\000j\000i\000m\000k\000y\000\040\000a\000\040\000c\000h\000y\000b\000o\000v\000\351\000\040\000s\000t\000a\000v\000y}{chapter.2}% 9
\BOOKMARK [0][-]{chapter.3}{\376\377\000\332\000v\000o\000d\000\040\000d\000o\000\040\000o\000b\000j\000e\000k\000t\000o\000v\000\351\000h\000o\000\040\000p\000r\000o\000g\000r\000a\000m\000o\000v\000\341\000n\000\355}{}% 10
\BOOKMARK [1][-]{section.3.1}{\376\377\000O\000b\000j\000e\000k\000t\000y}{chapter.3}% 11
\BOOKMARK [2][-]{subsection.3.1.1}{\376\377\000A\000t\000r\000i\000b\000u\000t\000y}{section.3.1}% 12
\BOOKMARK [2][-]{subsection.3.1.2}{\376\377\000M\000e\000t\000o\000d\000y}{section.3.1}% 13
\BOOKMARK [1][-]{section.3.2}{\376\377\000V\000y\000t\000v\000\341\001\131\000e\000n\000\355\000\040\000o\000b\000j\000e\000k\000t\001\157\000\040\000a\000\040\000p\001\131\000\355\000s\000t\000u\000p\000\040\000k\000\040\000o\000b\000j\000e\000k\000t\001\157\000m}{chapter.3}% 14
\BOOKMARK [2][-]{subsection.3.2.1}{\376\377\000T\001\131\000\355\000d\000a\000\040\000o\000b\000j\000e\000k\000t\000u}{section.3.2}% 15
\BOOKMARK [2][-]{subsection.3.2.2}{\376\377\000K\000o\000n\000s\000t\000r\000u\000k\000t\000o\000r\000\040\000a\000\040\000d\000e\000s\000t\000r\000u\000k\000t\000o\000r}{section.3.2}% 16
\BOOKMARK [2][-]{subsection.3.2.3}{\376\377\000M\000o\000d\000i\000f\000i\000k\000\341\000t\000o\000r\000y\000\040\000p\001\131\000\355\000s\000t\000u\000p\000u}{section.3.2}% 17
\BOOKMARK [1][-]{section.3.3}{\376\377\000I\000n\000t\000e\000r\000a\000k\000c\000e\000\040\000m\000e\000z\000i\000\040\000o\000b\000j\000e\000k\000t\000y}{chapter.3}% 18
\BOOKMARK [2][-]{subsection.3.3.1}{\376\377\000A\000b\000s\000t\000r\000a\000k\000c\000e\000\040\000a\000\040\000z\000a\000p\000o\000u\000z\000d\001\131\000e\000n\000\355}{section.3.3}% 19
\BOOKMARK [2][-]{subsection.3.3.2}{\376\377\000S\000k\000l\000\341\000d\000\341\000n\000\355\000\040\000o\000b\000j\000e\000k\000t\001\157}{section.3.3}% 20
\BOOKMARK [1][-]{section.3.4}{\376\377\000S\000t\000a\000t\000i\000c\000k\000\341\000\040\000d\000e\000k\000l\000a\000r\000a\000c\000e}{chapter.3}% 21
\BOOKMARK [1][-]{section.3.5}{\376\377\000D\001\033\000d\000i\001\015\000n\000o\000s\000t}{chapter.3}% 22
\BOOKMARK [1][-]{section.3.6}{\376\377\000P\000o\000l\000y\000m\000o\000r\000f\000i\000s\000m\000u\000s}{chapter.3}% 23
\BOOKMARK [0][-]{chapter.4}{\376\377\000Z\000\341\000v\001\033\000r}{}% 24
\BOOKMARK [0][-]{chapter.4}{\376\377\000S\000e\000z\000n\000a\000m\000\040\000l\000i\000t\000e\000r\000a\000t\000u\000r\000y}{}% 25
\BOOKMARK [0][-]{section*.5}{\376\377\000P\001\131\000\355\000l\000o\000h\000y}{}% 26
\BOOKMARK [0][-]{appendix.1.A}{\376\377\000S\000l\000o\000v\000n\000\355\000k\000\040\000p\000o\000j\000m\001\157}{}% 27
